Build started 6/16/2013 6:29:29 PM.
     1>Project "C:\projects\ZGeometry\ZMeshMatcher\ZMeshMatcher.vcxproj" on node 2 (build target(s)).
     1>InitializeBuildStatus:
         Creating "intermediate\Debug\ZMeshMatcher.unsuccessfulbuild" because "AlwaysCreate" was specified.
       ClCompile:
         All outputs are up-to-date.
       ManifestResourceCompile:
         All outputs are up-to-date.
       Link:
         C:\Program Files (x86)\Microsoft Visual Studio 10.0\VC\bin\link.exe /ERRORREPORT:PROMPT /OUT:"C:\projects\ZGeometry\bin\Debug\ZMeshMatcher.exe" /INCREMENTAL /NOLOGO /LIBPATH:C:\projects\ZGeometry\lib ZMeshd.lib ZUtild.lib kernel32.lib user32.lib gdi32.lib winspool.lib comdlg32.lib advapi32.lib shell32.lib ole32.lib oleaut32.lib uuid.lib odbc32.lib odbccp32.lib kernel32.lib user32.lib gdi32.lib winspool.lib comdlg32.lib advapi32.lib shell32.lib ole32.lib oleaut32.lib uuid.lib odbc32.lib odbccp32.lib /MANIFEST /ManifestFile:"intermediate\Debug\ZMeshMatcher.exe.intermediate.manifest" /MANIFESTUAC:"level='asInvoker' uiAccess='false'" /DEBUG /PDB:"C:\projects\ZGeometry\bin\Debug\ZMeshMatcher.pdb" /SUBSYSTEM:CONSOLE /TLBID:1 /DYNAMICBASE /NXCOMPAT /IMPLIB:"C:\projects\ZGeometry\bin\Debug\ZMeshMatcher.lib" /MACHINE:X86 intermediate\Debug\ZMeshMatcher.exe.embed.manifest.res
         intermediate\Debug\main.obj
       Manifest:
         C:\Program Files (x86)\Microsoft SDKs\Windows\v7.0A\bin\mt.exe /nologo /verbose /out:"intermediate\Debug\ZMeshMatcher.exe.embed.manifest" /manifest intermediate\Debug\ZMeshMatcher.exe.intermediate.manifest
         All outputs are up-to-date.
       LinkEmbedManifest:
         All outputs are up-to-date.
         ZMeshMatcher.vcxproj -> C:\projects\ZGeometry\bin\Debug\ZMeshMatcher.exe
       FinalizeBuildStatus:
         Deleting file "intermediate\Debug\ZMeshMatcher.unsuccessfulbuild".
         Touching "intermediate\Debug\ZMeshMatcher.lastbuildstate".
     1>Done Building Project "C:\projects\ZGeometry\ZMeshMatcher\ZMeshMatcher.vcxproj" (build target(s)).

Build succeeded.

Time Elapsed 00:00:00.37
