Build started 6/16/2013 8:56:03 PM.
     1>Project "C:\projects\ZGeometry\ZMeshMatcher\ZMeshMatcher.vcxproj" on node 2 (build target(s)).
     1>InitializeBuildStatus:
         Creating "intermediate\Release\ZMeshMatcher.unsuccessfulbuild" because "AlwaysCreate" was specified.
       ClCompile:
         C:\Program Files (x86)\Microsoft Visual Studio 10.0\VC\bin\CL.exe /c /IC:\projects\ZGeometry\ZMesh\include\ /IC:\projects\ZGeometry\ZUtil\include\ /Zi /nologo /W3 /WX- /O2 /Oi /Oy- /GL /D WIN32 /D NDEBUG /D _CONSOLE /D _UNICODE /D UNICODE /Gm- /EHsc /MD /GS /Gy /fp:precise /Zc:wchar_t /Zc:forScope /Fo"intermediate\Release\\" /Fd"intermediate\Release\vc100.pdb" /Gd /TP /analyze- /errorReport:prompt main.cpp
         main.cpp
       Link:
         C:\Program Files (x86)\Microsoft Visual Studio 10.0\VC\bin\link.exe /ERRORREPORT:PROMPT /OUT:"C:\projects\ZGeometry\bin\Release\ZMeshMatcher.exe" /INCREMENTAL:NO /NOLOGO /LIBPATH:C:\projects\ZGeometry\lib ZMesh.lib ZUtil.lib kernel32.lib user32.lib gdi32.lib winspool.lib comdlg32.lib advapi32.lib shell32.lib ole32.lib oleaut32.lib uuid.lib odbc32.lib odbccp32.lib kernel32.lib user32.lib gdi32.lib winspool.lib comdlg32.lib advapi32.lib shell32.lib ole32.lib oleaut32.lib uuid.lib odbc32.lib odbccp32.lib /MANIFEST /ManifestFile:"intermediate\Release\ZMeshMatcher.exe.intermediate.manifest" /MANIFESTUAC:"level='asInvoker' uiAccess='false'" /DEBUG /PDB:"C:\projects\ZGeometry\bin\Release\ZMeshMatcher.pdb" /SUBSYSTEM:CONSOLE /OPT:REF /OPT:ICF /LTCG /TLBID:1 /DYNAMICBASE /NXCOMPAT /IMPLIB:"C:\projects\ZGeometry\bin\Release\ZMeshMatcher.lib" /MACHINE:X86 intermediate\Release\main.obj
         Generating code
         Finished generating code
         ZMeshMatcher.vcxproj -> C:\projects\ZGeometry\bin\Release\ZMeshMatcher.exe
       Manifest:
         C:\Program Files (x86)\Microsoft SDKs\Windows\v7.0A\bin\mt.exe /nologo /verbose /outputresource:"C:\projects\ZGeometry\bin\Release\ZMeshMatcher.exe;#1" /manifest intermediate\Release\ZMeshMatcher.exe.intermediate.manifest
       FinalizeBuildStatus:
         Deleting file "intermediate\Release\ZMeshMatcher.unsuccessfulbuild".
         Touching "intermediate\Release\ZMeshMatcher.lastbuildstate".
     1>Done Building Project "C:\projects\ZGeometry\ZMeshMatcher\ZMeshMatcher.vcxproj" (build target(s)).

Build succeeded.

Time Elapsed 00:00:02.33
